  1>Checking Build System
  CMake is re-running because generate.stamp.list is missing.
  -- Building for: Visual Studio 17 2022
  -- Selecting Windows SDK version 10.0.22621.0 to target Windows 10.0.26100.
  -- The C compiler identification is MSVC 19.42.34435.0
  -- The CXX compiler identification is MSVC 19.42.34435.0
  -- Detecting C compiler ABI info
  -- Detecting C compiler ABI info - done
  -- Check for working C compiler: C:/Program Files (x86)/Microsoft Visual Studio/2022/BuildTools/VC/Tools/MSVC/14.42.34433/bin/Hostx64/x64/cl.exe - skipped
  -- Detecting C compile features
  -- Detecting C compile features - done
  -- Detecting CXX compiler ABI info
  -- Detecting CXX compiler ABI info - done
  -- Check for working CXX compiler: C:/Program Files (x86)/Microsoft Visual Studio/2022/BuildTools/VC/Tools/MSVC/14.42.34433/bin/Hostx64/x64/cl.exe - skipped
  -- Detecting CXX compile features
  -- Detecting CXX compile features - done
  -- Found OpenGL: opengl32
  -- Configuring done (2.6s)
  -- Generating done (0.0s)
  -- Build files have been written to: C:/Users/Asus/Desktop/deferred-rendering-lake
